This is pdfTeX, Version 3.141592653-2.6-1.40.22 (TeX Live 2022/dev/Debian) (preloaded format=pdflatex 2022.8.7)  14 DEC 2022 14:43
entering extended mode
 \write18 enabled.
 %&-line parsing enabled.
**00_Template_SBSR.tex
(./00_Template_SBSR.tex
LaTeX2e <2021-11-15> patch level 1
L3 programming layer <2022-01-21>
(/usr/share/texlive/texmf-dist/tex/latex/base/article.cls
Document Class: article 2021/10/04 v1.4n Standard LaTeX document class
(/usr/share/texlive/texmf-dist/tex/latex/base/size10.clo
File: size10.clo 2021/10/04 v1.4n Standard LaTeX file (size option)
)
\c@part=\count185
\c@section=\count186
\c@subsection=\count187
\c@subsubsection=\count188
\c@paragraph=\count189
\c@subparagraph=\count190
\c@figure=\count191
\c@table=\count192
\abovecaptionskip=\skip47
\belowcaptionskip=\skip48
\bibindent=\dimen138
) (./sbsr.sty
Package: sbsr 2018/05/30

(/usr/share/texlive/texmf-dist/tex/latex/base/fontenc.sty
Package: fontenc 2021/04/29 v2.0v Standard LaTeX package
)
(/usr/share/texlive/texmf-dist/tex/latex/base/inputenc.sty
Package: inputenc 2021/02/14 v1.3d Input encoding file
\inpenc@prehook=\toks16
\inpenc@posthook=\toks17
)
(/usr/share/texlive/texmf-dist/tex/latex/psnfss/times.sty
Package: times 2020/03/25 PSNFSS-v9.3 (SPQR) 
)
(/usr/share/texlive/texmf-dist/tex/latex/amsmath/amsmath.sty
Package: amsmath 2021/10/15 v2.17l AMS math features
\@mathmargin=\skip49

For additional information on amsmath, use the `?' option.
(/usr/share/texlive/texmf-dist/tex/latex/amsmath/amstext.sty
Package: amstext 2021/08/26 v2.01 AMS text

(/usr/share/texlive/texmf-dist/tex/latex/amsmath/amsgen.sty
File: amsgen.sty 1999/11/30 v2.0 generic functions
\@emptytoks=\toks18
\ex@=\dimen139
))
(/usr/share/texlive/texmf-dist/tex/latex/amsmath/amsbsy.sty
Package: amsbsy 1999/11/29 v1.2d Bold Symbols
\pmbraise@=\dimen140
)
(/usr/share/texlive/texmf-dist/tex/latex/amsmath/amsopn.sty
Package: amsopn 2021/08/26 v2.02 operator names
)
\inf@bad=\count193
LaTeX Info: Redefining \frac on input line 234.
\uproot@=\count194
\leftroot@=\count195
LaTeX Info: Redefining \overline on input line 399.
\classnum@=\count196
\DOTSCASE@=\count197
LaTeX Info: Redefining \ldots on input line 496.
LaTeX Info: Redefining \dots on input line 499.
LaTeX Info: Redefining \cdots on input line 620.
\Mathstrutbox@=\box50
\strutbox@=\box51
\big@size=\dimen141
LaTeX Font Info:    Redeclaring font encoding OML on input line 743.
LaTeX Font Info:    Redeclaring font encoding OMS on input line 744.
\macc@depth=\count198
\c@MaxMatrixCols=\count199
\dotsspace@=\muskip16
\c@parentequation=\count266
\dspbrk@lvl=\count267
\tag@help=\toks19
\row@=\count268
\column@=\count269
\maxfields@=\count270
\andhelp@=\toks20
\eqnshift@=\dimen142
\alignsep@=\dimen143
\tagshift@=\dimen144
\tagwidth@=\dimen145
\totwidth@=\dimen146
\lineht@=\dimen147
\@envbody=\toks21
\multlinegap=\skip50
\multlinetaggap=\skip51
\mathdisplay@stack=\toks22
LaTeX Info: Redefining \[ on input line 2938.
LaTeX Info: Redefining \] on input line 2939.
)
(/usr/share/texlive/texmf-dist/tex/latex/url/url.sty
\Urlmuskip=\muskip17
Package: url 2013/09/16  ver 3.4  Verb mode for urls, etc.
)
(/usr/share/texlive/texmf-dist/tex/latex/geometry/geometry.sty
Package: geometry 2020/01/02 v5.9 Page Geometry

(/usr/share/texlive/texmf-dist/tex/latex/graphics/keyval.sty
Package: keyval 2014/10/28 v1.15 key=value parser (DPC)
\KV@toks@=\toks23
)
(/usr/share/texlive/texmf-dist/tex/generic/iftex/ifvtex.sty
Package: ifvtex 2019/10/25 v1.7 ifvtex legacy package. Use iftex instead.

(/usr/share/texlive/texmf-dist/tex/generic/iftex/iftex.sty
Package: iftex 2020/03/06 v1.0d TeX engine tests
))
\Gm@cnth=\count271
\Gm@cntv=\count272
\c@Gm@tempcnt=\count273
\Gm@bindingoffset=\dimen148
\Gm@wd@mp=\dimen149
\Gm@odd@mp=\dimen150
\Gm@even@mp=\dimen151
\Gm@layoutwidth=\dimen152
\Gm@layoutheight=\dimen153
\Gm@layouthoffset=\dimen154
\Gm@layoutvoffset=\dimen155
\Gm@dimlist=\toks24
)
(/usr/share/texlive/texmf-dist/tex/latex/graphics/graphicx.sty
Package: graphicx 2021/09/16 v1.2d Enhanced LaTeX Graphics (DPC,SPQR)

(/usr/share/texlive/texmf-dist/tex/latex/graphics/graphics.sty
Package: graphics 2021/03/04 v1.4d Standard LaTeX Graphics (DPC,SPQR)

(/usr/share/texlive/texmf-dist/tex/latex/graphics/trig.sty
Package: trig 2021/08/11 v1.11 sin cos tan (DPC)
)
(/usr/share/texlive/texmf-dist/tex/latex/graphics-cfg/graphics.cfg
File: graphics.cfg 2016/06/04 v1.11 sample graphics configuration
)
Package graphics Info: Driver file: pdftex.def on input line 107.

(/usr/share/texlive/texmf-dist/tex/latex/graphics-def/pdftex.def
File: pdftex.def 2020/10/05 v1.2a Graphics/color driver for pdftex
))
\Gin@req@height=\dimen156
\Gin@req@width=\dimen157
)
(/usr/share/texlive/texmf-dist/tex/latex/caption/caption.sty
Package: caption 2020/10/26 v3.5g Customizing captions (AR)

(/usr/share/texlive/texmf-dist/tex/latex/caption/caption3.sty
Package: caption3 2020/10/21 v2.2e caption3 kernel (AR)
\captionmargin=\dimen158
\captionmargin@=\dimen159
\captionwidth=\dimen160
\caption@tempdima=\dimen161
\caption@indent=\dimen162
\caption@parindent=\dimen163
\caption@hangindent=\dimen164
Package caption Info: Standard document class detected.
)
\c@caption@flags=\count274
\c@continuedfloat=\count275
)
(/usr/share/texlive/texmf-dist/tex/latex/tocbibind/tocbibind.sty
Package: tocbibind 2010/10/13 v1.5k extra ToC listings
Package tocbibind Info: The document has section divisions on input line 50.


Package tocbibind Note: Using section or other style headings.

) (/usr/share/texlive/texmf-dist/tex/latex/hyperref/hyperref.sty
Package: hyperref 2021-06-07 v7.00m Hypertext links for LaTeX

(/usr/share/texlive/texmf-dist/tex/generic/ltxcmds/ltxcmds.sty
Package: ltxcmds 2020-05-10 v1.25 LaTeX kernel commands for general use (HO)
)
(/usr/share/texlive/texmf-dist/tex/generic/pdftexcmds/pdftexcmds.sty
Package: pdftexcmds 2020-06-27 v0.33 Utility functions of pdfTeX for LuaTeX (HO
)

(/usr/share/texlive/texmf-dist/tex/generic/infwarerr/infwarerr.sty
Package: infwarerr 2019/12/03 v1.5 Providing info/warning/error messages (HO)
)
Package pdftexcmds Info: \pdf@primitive is available.
Package pdftexcmds Info: \pdf@ifprimitive is available.
Package pdftexcmds Info: \pdfdraftmode found.
)
(/usr/share/texlive/texmf-dist/tex/generic/kvsetkeys/kvsetkeys.sty
Package: kvsetkeys 2019/12/15 v1.18 Key value parser (HO)
)
(/usr/share/texlive/texmf-dist/tex/generic/kvdefinekeys/kvdefinekeys.sty
Package: kvdefinekeys 2019-12-19 v1.6 Define keys (HO)
)
(/usr/share/texlive/texmf-dist/tex/generic/pdfescape/pdfescape.sty
Package: pdfescape 2019/12/09 v1.15 Implements pdfTeX's escape features (HO)
)
(/usr/share/texlive/texmf-dist/tex/latex/hycolor/hycolor.sty
Package: hycolor 2020-01-27 v1.10 Color options for hyperref/bookmark (HO)
)
(/usr/share/texlive/texmf-dist/tex/latex/letltxmacro/letltxmacro.sty
Package: letltxmacro 2019/12/03 v1.6 Let assignment for LaTeX macros (HO)
)
(/usr/share/texlive/texmf-dist/tex/latex/auxhook/auxhook.sty
Package: auxhook 2019-12-17 v1.6 Hooks for auxiliary files (HO)
)
(/usr/share/texlive/texmf-dist/tex/latex/kvoptions/kvoptions.sty
Package: kvoptions 2020-10-07 v3.14 Key value format for package options (HO)
)
\@linkdim=\dimen165
\Hy@linkcounter=\count276
\Hy@pagecounter=\count277

(/usr/share/texlive/texmf-dist/tex/latex/hyperref/pd1enc.def
File: pd1enc.def 2021-06-07 v7.00m Hyperref: PDFDocEncoding definition (HO)
Now handling font encoding PD1 ...
... no UTF-8 mapping file for font encoding PD1
)
(/usr/share/texlive/texmf-dist/tex/latex/hyperref/hyperref-langpatches.def
File: hyperref-langpatches.def 2021-06-07 v7.00m Hyperref: patches for babel la
nguages
)
(/usr/share/texlive/texmf-dist/tex/generic/intcalc/intcalc.sty
Package: intcalc 2019/12/15 v1.3 Expandable calculations with integers (HO)
)
(/usr/share/texlive/texmf-dist/tex/generic/etexcmds/etexcmds.sty
Package: etexcmds 2019/12/15 v1.7 Avoid name clashes with e-TeX commands (HO)
)
\Hy@SavedSpaceFactor=\count278

(/usr/share/texlive/texmf-dist/tex/latex/hyperref/puenc.def
File: puenc.def 2021-06-07 v7.00m Hyperref: PDF Unicode definition (HO)
Now handling font encoding PU ...
... no UTF-8 mapping file for font encoding PU
)
Package hyperref Info: Hyper figures OFF on input line 4192.
Package hyperref Info: Link nesting OFF on input line 4197.
Package hyperref Info: Hyper index ON on input line 4200.
Package hyperref Info: Plain pages OFF on input line 4207.
Package hyperref Info: Backreferencing OFF on input line 4212.
Package hyperref Info: Implicit mode ON; LaTeX internals redefined.
Package hyperref Info: Bookmarks ON on input line 4445.
\c@Hy@tempcnt=\count279
LaTeX Info: Redefining \url on input line 4804.
\XeTeXLinkMargin=\dimen166

(/usr/share/texlive/texmf-dist/tex/generic/bitset/bitset.sty
Package: bitset 2019/12/09 v1.3 Handle bit-vector datatype (HO)

(/usr/share/texlive/texmf-dist/tex/generic/bigintcalc/bigintcalc.sty
Package: bigintcalc 2019/12/15 v1.5 Expandable calculations on big integers (HO
)
))
\Fld@menulength=\count280
\Field@Width=\dimen167
\Fld@charsize=\dimen168
Package hyperref Info: Hyper figures OFF on input line 6076.
Package hyperref Info: Link nesting OFF on input line 6081.
Package hyperref Info: Hyper index ON on input line 6084.
Package hyperref Info: backreferencing OFF on input line 6091.
Package hyperref Info: Link coloring OFF on input line 6096.
Package hyperref Info: Link coloring with OCG OFF on input line 6101.
Package hyperref Info: PDF/A mode OFF on input line 6106.
LaTeX Info: Redefining \ref on input line 6146.
LaTeX Info: Redefining \pageref on input line 6150.

(/usr/share/texlive/texmf-dist/tex/latex/base/atbegshi-ltx.sty
Package: atbegshi-ltx 2021/01/10 v1.0c Emulation of the original atbegshi
package with kernel methods
)
\Hy@abspage=\count281
\c@Item=\count282
\c@Hfootnote=\count283
)
Package hyperref Info: Driver (autodetected): hpdftex.

(/usr/share/texlive/texmf-dist/tex/latex/hyperref/hpdftex.def
File: hpdftex.def 2021-06-07 v7.00m Hyperref driver for pdfTeX

(/usr/share/texlive/texmf-dist/tex/latex/base/atveryend-ltx.sty
Package: atveryend-ltx 2020/08/19 v1.0a Emulation of the original atveryend pac
kage
with kernel methods
)
\Fld@listcount=\count284
\c@bookmark@seq@number=\count285

(/usr/share/texlive/texmf-dist/tex/latex/rerunfilecheck/rerunfilecheck.sty
Package: rerunfilecheck 2019/12/05 v1.9 Rerun checks for auxiliary files (HO)

(/usr/share/texlive/texmf-dist/tex/generic/uniquecounter/uniquecounter.sty
Package: uniquecounter 2019/12/15 v1.4 Provide unlimited unique counter (HO)
)
Package uniquecounter Info: New unique counter `rerunfilecheck' on input line 2
86.
)
\Hy@SectionHShift=\skip52
)
(/usr/share/texlive/texmf-dist/tex/generic/babel/babel.sty
Package: babel 2022/01/26 3.70 The Babel package
\babel@savecnt=\count286
\U@D=\dimen169
\l@unhyphenated=\language3

(/usr/share/texlive/texmf-dist/tex/generic/babel/txtbabel.def)
\bbl@readstream=\read2
\bbl@dirlevel=\count287

(/usr/share/texlive/texmf-dist/tex/generic/babel-english/english.ldf
Language: english 2017/06/06 v3.3r English support from the babel system
Package babel Info: Hyphen rules for 'british' set to \l@english
(babel)             (\language0). Reported on input line 82.
Package babel Info: Hyphen rules for 'UKenglish' set to \l@english
(babel)             (\language0). Reported on input line 83.
Package babel Info: Hyphen rules for 'canadian' set to \l@english
(babel)             (\language0). Reported on input line 102.
Package babel Info: Hyphen rules for 'australian' set to \l@english
(babel)             (\language0). Reported on input line 105.
Package babel Info: Hyphen rules for 'newzealand' set to \l@english
(babel)             (\language0). Reported on input line 108.
))
(/usr/share/texlive/texmf-dist/tex/latex/titlesec/titlesec.sty
Package: titlesec 2021/07/05 v2.14 Sectioning titles
\ttl@box=\box52
\beforetitleunit=\skip53
\aftertitleunit=\skip54
\ttl@plus=\dimen170
\ttl@minus=\dimen171
\ttl@toksa=\toks25
\titlewidth=\dimen172
\titlewidthlast=\dimen173
\titlewidthfirst=\dimen174
)
(/usr/share/texlive/texmf-dist/tex/latex/cite/cite.sty
LaTeX Info: Redefining \cite on input line 302.
LaTeX Info: Redefining \nocite on input line 332.
Package: cite 2015/02/27  v 5.5
))
(/usr/share/texlive/texmf-dist/tex/latex/sttools/flushend.sty
Package: flushend 2021/10/04 v4.0 Balancing columns in twocolumn mode
\flushend@@lastskip@a=\skip55
\flushend@@lastskip@b=\skip56
\flushend@@lastnode=\count288
\var@@loop@iter=\count289
\var@@temp@spread=\dimen175
\var@@temp@a=\dimen176
\var@@temp@loop=\dimen177
\flushend@@page@rule=\dimen178
\flushend@@varbox@lastpage=\box53
\flushend@@varbox@a=\box54
\flushend@@varbox@c=\box55
\flushend@@tempbox@a=\box56
\flushend@@tempbox@c=\box57
\flushend@@floatbox=\box58
\@viper=\box59
\hold@viper=\box60
\atColsBreak=\toks26
\atColsEnd=\toks27
\oldbreak@skip=\dimen179
)
LaTeX Font Info:    Trying to load font information for T1+ptm on input line 30
.

(/usr/share/texlive/texmf-dist/tex/latex/psnfss/t1ptm.fd
File: t1ptm.fd 2001/06/04 font definitions for T1/ptm.
)
(/usr/share/texlive/texmf-dist/tex/latex/l3backend/l3backend-pdftex.def
File: l3backend-pdftex.def 2022-01-12 L3 backend support: PDF output (pdfTeX)
\l__color_backend_stack_int=\count290
\l__pdf_internal_box=\box61
)
(./00_Template_SBSR.aux)
\openout1 = `00_Template_SBSR.aux'.

LaTeX Font Info:    Checking defaults for OML/cmm/m/it on input line 30.
LaTeX Font Info:    ... okay on input line 30.
LaTeX Font Info:    Checking defaults for OMS/cmsy/m/n on input line 30.
LaTeX Font Info:    ... okay on input line 30.
LaTeX Font Info:    Checking defaults for OT1/cmr/m/n on input line 30.
LaTeX Font Info:    ... okay on input line 30.
LaTeX Font Info:    Checking defaults for T1/cmr/m/n on input line 30.
LaTeX Font Info:    ... okay on input line 30.
LaTeX Font Info:    Checking defaults for TS1/cmr/m/n on input line 30.
LaTeX Font Info:    ... okay on input line 30.
LaTeX Font Info:    Checking defaults for OMX/cmex/m/n on input line 30.
LaTeX Font Info:    ... okay on input line 30.
LaTeX Font Info:    Checking defaults for U/cmr/m/n on input line 30.
LaTeX Font Info:    ... okay on input line 30.
LaTeX Font Info:    Checking defaults for PD1/pdf/m/n on input line 30.
LaTeX Font Info:    ... okay on input line 30.
LaTeX Font Info:    Checking defaults for PU/pdf/m/n on input line 30.
LaTeX Font Info:    ... okay on input line 30.

*geometry* driver: auto-detecting
*geometry* detected driver: pdftex
*geometry* verbose mode - [ preamble ] result:
* driver: pdftex
* paper: a4paper
* layout: <same size as paper>
* layoutoffset:(h,v)=(0.0pt,0.0pt)
* modes: 
* h-part:(L,W,R)=(54.06006pt, 489.38776pt, 54.06006pt)
* v-part:(T,H,B)=(71.13188pt, 717.00946pt, 56.9055pt)
* \paperwidth=597.50787pt
* \paperheight=845.04684pt
* \textwidth=506.45905pt
* \textheight=717.00946pt
* \oddsidemargin=-18.20993pt
* \evensidemargin=-18.20993pt
* \topmargin=-38.1381pt
* \headheight=12.0pt
* \headsep=25.0pt
* \topskip=10.0pt
* \footskip=30.0pt
* \marginparwidth=4.0pt
* \marginparsep=10.0pt
* \columnsep=17.07164pt
* \skip\footins=9.0pt plus 4.0pt minus 2.0pt
* \hoffset=0.0pt
* \voffset=0.0pt
* \mag=1000
* \@twocolumntrue
* \@twosidefalse
* \@mparswitchfalse
* \@reversemarginfalse
* (1in=72.27pt=25.4mm, 1cm=28.453pt)

(/usr/share/texlive/texmf-dist/tex/context/base/mkii/supp-pdf.mkii
[Loading MPS to PDF converter (version 2006.09.02).]
\scratchcounter=\count291
\scratchdimen=\dimen180
\scratchbox=\box62
\nofMPsegments=\count292
\nofMParguments=\count293
\everyMPshowfont=\toks28
\MPscratchCnt=\count294
\MPscratchDim=\dimen181
\MPnumerator=\count295
\makeMPintoPDFobject=\count296
\everyMPtoPDFconversion=\toks29
) (/usr/share/texlive/texmf-dist/tex/latex/epstopdf-pkg/epstopdf-base.sty
Package: epstopdf-base 2020-01-24 v2.11 Base part for package epstopdf
Package epstopdf-base Info: Redefining graphics rule for `.eps' on input line 4
85.

(/usr/share/texlive/texmf-dist/tex/latex/latexconfig/epstopdf-sys.cfg
File: epstopdf-sys.cfg 2010/07/13 v1.3 Configuration of (r)epstopdf for TeX Liv
e
))
Package caption Info: Begin \AtBeginDocument code.
Package caption Info: hyperref package is loaded.
Package caption Info: End \AtBeginDocument code.
Package hyperref Info: Link coloring OFF on input line 30.

(/usr/share/texlive/texmf-dist/tex/latex/hyperref/nameref.sty
Package: nameref 2021-04-02 v2.47 Cross-referencing by name of section

(/usr/share/texlive/texmf-dist/tex/latex/refcount/refcount.sty
Package: refcount 2019/12/15 v3.6 Data extraction from label references (HO)
)
(/usr/share/texlive/texmf-dist/tex/generic/gettitlestring/gettitlestring.sty
Package: gettitlestring 2019/12/15 v1.6 Cleanup title references (HO)
)
\c@section@level=\count297
)
LaTeX Info: Redefining \ref on input line 30.
LaTeX Info: Redefining \pageref on input line 30.
LaTeX Info: Redefining \nameref on input line 30.

(./00_Template_SBSR.out) (./00_Template_SBSR.out)
\@outlinefile=\write3
\openout3 = `00_Template_SBSR.out'.

 (./01_Abstract.tex
Underfull \hbox (badness 1348) in paragraph at lines 3--22
\T1/ptm/m/it/10 to dis-cover new ways to im-prove and char-ac-ter-ize our
 []


Underfull \hbox (badness 2334) in paragraph at lines 3--22
\T1/ptm/m/it/10 al-ter-na-tive uses for al-ready ex-ist-ing data such as the
 []


Underfull \hbox (badness 10000) in paragraph at lines 3--22

 []

) (./02_Introduction.tex
Underfull \hbox (badness 1320) in paragraph at lines 4--10
\T1/ptm/m/n/10 as a large car-bon stor-age and it is fre-quently cited as
 []

) (./03_Material_and_methods.tex
LaTeX Font Info:    Trying to load font information for T1+pcr on input line 37
.

(/usr/share/texlive/texmf-dist/tex/latex/psnfss/t1pcr.fd
File: t1pcr.fd 2001/06/04 font definitions for T1/pcr.
)
Underfull \hbox (badness 10000) in paragraph at lines 37--37
[][][]\T1/ptm/m/n/8 GeoPackage En-cod-ing Stan-dard []$\T1/pcr/m/n/8 https : / 
/ www . ogc . org /
 []


Underfull \hbox (badness 1533) in paragraph at lines 42--52
[]\T1/ptm/m/n/10 Then, it was used the self-intersect op-er-a-tion (union
 []


Underfull \hbox (badness 1436) in paragraph at lines 42--52
\T1/ptm/m/n/10 op-er-a-tion) on the warn-ing poly-gons and af-ter that, we
 []

[1{/var/lib/texmf/fonts/map/pdftex/updmap/pdftex.map}


]) (./04_Results.tex
Underfull \hbox (badness 1137) in paragraph at lines 3--7
\T1/ptm/m/n/10 par-tic-u-larly wor-ry-ing peak. There are in-creases in the
 []

<figures//deter_warnings_area_size.png, id=72, 421.0932pt x 298.716pt>
File: figures//deter_warnings_area_size.png Graphic file (type png)
<use figures//deter_warnings_area_size.png>
Package pdftex.def Info: figures//deter_warnings_area_size.png  used on input l
ine 10.
(pdftex.def)             Requested size: 244.6937pt x 173.58357pt.
<figures//deter_warnings_size.png, id=74, 421.0932pt x 298.716pt>
File: figures//deter_warnings_size.png Graphic file (type png)
<use figures//deter_warnings_size.png>
Package pdftex.def Info: figures//deter_warnings_size.png  used on input line 2
6.
(pdftex.def)             Requested size: 244.6937pt x 173.58357pt.

LaTeX Warning: `h' float specifier changed to `ht'.

<figures//deter_warnings_size_month.png, id=77, 421.0932pt x 298.716pt>
File: figures//deter_warnings_size_month.png Graphic file (type png)
<use figures//deter_warnings_size_month.png>
Package pdftex.def Info: figures//deter_warnings_size_month.png  used on input 
line 44.
(pdftex.def)             Requested size: 244.6937pt x 173.58357pt.

LaTeX Warning: `h' float specifier changed to `ht'.

<figures//plot_area_by_warnings.png, id=82, 421.0932pt x 298.716pt>
File: figures//plot_area_by_warnings.png Graphic file (type png)
<use figures//plot_area_by_warnings.png>
Package pdftex.def Info: figures//plot_area_by_warnings.png  used on input line
 64.
(pdftex.def)             Requested size: 244.6937pt x 173.58357pt.

LaTeX Warning: `h' float specifier changed to `ht'.

(./tables/warning_subareas_by_number_area.tex

LaTeX Warning: `h' float specifier changed to `ht'.

)
<figures//plot_days_first_to_last.png, id=84, 421.0932pt x 298.716pt>
File: figures//plot_days_first_to_last.png Graphic file (type png)
<use figures//plot_days_first_to_last.png>
Package pdftex.def Info: figures//plot_days_first_to_last.png  used on input li
ne 83.
(pdftex.def)             Requested size: 244.6937pt x 173.58357pt.


LaTeX Warning: `h' float specifier changed to `ht'.

) (./05_Discussion.tex [2 <./figures//deter_warnings_area_size.png> <./figures/
/deter_warnings_size.png> <./figures//deter_warnings_size_month.png>])
(./acknowledgements.tex)
Underfull \hbox (badness 2856) in paragraph at lines 3--57
\T1/ptm/m/n/10 The au-thors would like to ac-knowl-edge the Con-selho
 []


Underfull \hbox (badness 3078) in paragraph at lines 3--57
\T1/ptm/m/n/10 Na-cional de De-sen-volvi-mento Cien-tí-fico e Tec-nológico
 []

(./00_Template_SBSR.bbl
Underfull \hbox (badness 1377) in paragraph at lines 4--14
\T1/ptm/m/n/9 F. Stu-art III Chapin, Eric Lam-bin, Tim-o-thy M. Lenton,
 []

LaTeX Font Info:    Trying to load font information for TS1+ptm on input line 1
9.
(/usr/share/texlive/texmf-dist/tex/latex/psnfss/ts1ptm.fd
File: ts1ptm.fd 2001/06/04 font definitions for TS1/ptm.
)
Underfull \hbox (badness 1178) in paragraph at lines 16--22
\T1/ptm/m/n/9 Lenton.  Ex-ceed-ing 1.5\TS1/ptm/m/n/9 °\T1/ptm/m/n/9 C global wa
rm-ing could trig-ger
 []


Underfull \hbox (badness 1270) in paragraph at lines 24--28
\T1/ptm/m/n/9 re-gions by re-mote sens-ing: some method-olog-i-cal is-sues.
 []


Underfull \hbox (badness 1533) in paragraph at lines 24--28
\T1/ptm/m/it/9 Global Ecol-ogy and Bio-geog-ra-phy\T1/ptm/m/n/9 , 8(3-4):191--1
98, may
 []


Underfull \hbox (badness 2884) in paragraph at lines 30--35
[]\T1/ptm/m/n/9 Anthea L. Mitchell, Ake Rosen-qvist, and Brice Mora.
 []


Underfull \hbox (badness 2512) in paragraph at lines 30--35
\T1/ptm/m/n/9 Cur-rent re-mote sens-ing ap-proaches to mon-i-tor-ing for-est
 []

[3 <./figures//plot_area_by_warnings.png> <./figures//plot_days_first_to_last.p
ng>]
Underfull \hbox (badness 1292) in paragraph at lines 37--44
[]\T1/ptm/m/n/9 Luiz Fer-nando F. G. As-sis, Karine Reis Fer-reira, Lu-bia
 []


Underfull \hbox (badness 6526) in paragraph at lines 55--63
[]\T1/ptm/m/n/9 Cesar Guer-reiro Di-niz, Ar-leson An-to-nio De Almeida
 []


Underfull \hbox (badness 2884) in paragraph at lines 55--63
\T1/ptm/m/n/9 Cav-al-cante Da Luz, Dou-glas Rafael Vi-dal De Moraes,
 []


Underfull \hbox (badness 1609) in paragraph at lines 55--63
\T1/ptm/m/n/9 Near Real-Time De-for-esta-tion De-tec-tion Sys-tem.  \T1/ptm/m/i
t/9 IEEE
 []


Underfull \hbox (badness 10000) in paragraph at lines 72--81
\T1/ptm/m/n/9 Va-le-ri-ano, Gilberto Câ-mara, Lúbia Vin-has, Marisa
 []


Underfull \hbox (badness 10000) in paragraph at lines 72--81
\T1/ptm/m/n/9 Da Motta, Alessan-dra Ro-drigues Gomes, An-to-nio
 []

)
- LAST -
Extra skip:0.0pt
Left:275.0pt/1.94843pt
Right:279.0pt/1.61092pt
Split: 279.5pt
Output:279.5pt
Pageshrink: 0.0pt
Pagestretch: 0.0pt
@colht:717.00946pt
FLUSHEND [output]: 279.5pt
FLUSHEND [leftcolumn badness]: 42
FUSHEND [rightcolumn badness]: 0
 [4] (./00_Template_SBSR.aux)
Package rerunfilecheck Info: File `00_Template_SBSR.out' has not changed.
(rerunfilecheck)             Checksum: F891B4B93F23D7DEB441D1EF73FC8587;629.
 ) 
Here is how much of TeX's memory you used:
 12550 strings out of 480247
 203183 string characters out of 5896152
 525729 words of memory out of 5000000
 30263 multiletter control sequences out of 15000+600000
 504167 words of font info for 64 fonts, out of 8000000 for 9000
 14 hyphenation exceptions out of 8191
 75i,8n,77p,521b,558s stack positions out of 5000i,500n,10000p,200000b,80000s
{/usr/share/texlive/texmf-dist/fonts/enc/dvips/base/8r.enc}</usr/share/texliv
e/texmf-dist/fonts/type1/public/amsfonts/cm/cmr7.pfb></usr/share/texlive/texmf-
dist/fonts/type1/urw/courier/ucrr8a.pfb></usr/share/texlive/texmf-dist/fonts/ty
pe1/urw/times/utmb8a.pfb></usr/share/texlive/texmf-dist/fonts/type1/urw/times/u
tmbi8a.pfb></usr/share/texlive/texmf-dist/fonts/type1/urw/times/utmr8a.pfb></us
r/share/texlive/texmf-dist/fonts/type1/urw/times/utmri8a.pfb>
Output written on 00_Template_SBSR.pdf (4 pages, 441433 bytes).
PDF statistics:
 144 PDF objects out of 1000 (max. 8388607)
 119 compressed objects within 2 object streams
 32 named destinations out of 1000 (max. 500000)
 74 words of extra memory for PDF output out of 10000 (max. 10000000)

